{"D:\\rs-react-2026\\src\\App.tsx": {"path":"D:\\rs-react-2026\\src\\App.tsx","statementMap":{"0":{"start":{"line":22,"column":17},"end":{"line":32,"column":null}},"1":{"start":{"line":45,"column":13},"end":{"line":78,"column":null}},"2":{"start":{"line":82,"column":2},"end":{"line":98,"column":null}},"3":{"start":{"line":101,"column":2},"end":{"line":108,"column":null}},"4":{"start":{"line":35,"column":18},"end":{"line":35,"column":null}},"5":{"start":{"line":37,"column":4},"end":{"line":42,"column":null}},"6":{"start":{"line":46,"column":4},"end":{"line":49,"column":null}},"7":{"start":{"line":51,"column":4},"end":{"line":78,"column":null}},"8":{"start":{"line":52,"column":32},"end":{"line":52,"column":null}},"9":{"start":{"line":54,"column":6},"end":{"line":69,"column":null}},"10":{"start":{"line":55,"column":21},"end":{"line":55,"column":48}},"11":{"start":{"line":57,"column":8},"end":{"line":61,"column":null}},"12":{"start":{"line":63,"column":21},"end":{"line":63,"column":48}},"13":{"start":{"line":65,"column":8},"end":{"line":69,"column":null}},"14":{"start":{"line":72,"column":6},"end":{"line":74,"column":null}},"15":{"start":{"line":76,"column":6},"end":{"line":78,"column":null}},"16":{"start":{"line":83,"column":20},"end":{"line":83,"column":32}},"17":{"start":{"line":85,"column":4},"end":{"line":85,"column":null}},"18":{"start":{"line":85,"column":38},"end":{"line":85,"column":null}},"19":{"start":{"line":87,"column":4},"end":{"line":87,"column":null}},"20":{"start":{"line":89,"column":4},"end":{"line":98,"column":null}},"21":{"start":{"line":102,"column":4},"end":{"line":108,"column":null}},"22":{"start":{"line":111,"column":4},"end":{"line":112,"column":null}},"23":{"start":{"line":112,"column":6},"end":{"line":112,"column":null}},"24":{"start":{"line":114,"column":45},"end":{"line":114,"column":null}},"25":{"start":{"line":116,"column":4},"end":{"line":177,"column":null}},"26":{"start":{"line":131,"column":12},"end":{"line":133,"column":14}},"27":{"start":{"line":142,"column":14},"end":{"line":143,"column":null}},"28":{"start":{"line":152,"column":14},"end":{"line":164,"column":null}},"29":{"start":{"line":160,"column":18},"end":{"line":160,"column":46}},"30":{"start":{"line":171,"column":14},"end":{"line":172,"column":null}}},"fnMap":{"0":{"name":"(anonymous_0)","decl":{"start":{"line":34,"column":2},"end":{"line":34,"column":22}},"loc":{"start":{"line":34,"column":22},"end":{"line":42,"column":null}},"line":34},"1":{"name":"(anonymous_1)","decl":{"start":{"line":45,"column":13},"end":{"line":45,"column":25}},"loc":{"start":{"line":45,"column":25},"end":{"line":78,"column":null}},"line":45},"2":{"name":"(anonymous_2)","decl":{"start":{"line":82,"column":2},"end":{"line":82,"column":18}},"loc":{"start":{"line":82,"column":36},"end":{"line":98,"column":null}},"line":82},"3":{"name":"(anonymous_3)","decl":{"start":{"line":101,"column":2},"end":{"line":101,"column":22}},"loc":{"start":{"line":101,"column":39},"end":{"line":108,"column":null}},"line":101},"4":{"name":"(anonymous_4)","decl":{"start":{"line":110,"column":2},"end":{"line":110,"column":11}},"loc":{"start":{"line":110,"column":11},"end":{"line":177,"column":null}},"line":110},"5":{"name":"(anonymous_5)","decl":{"start":{"line":130,"column":10},"end":{"line":130,"column":null}},"loc":{"start":{"line":131,"column":12},"end":{"line":133,"column":14}},"line":131},"6":{"name":"(anonymous_6)","decl":{"start":{"line":141,"column":12},"end":{"line":141,"column":null}},"loc":{"start":{"line":142,"column":14},"end":{"line":143,"column":null}},"line":142},"7":{"name":"(anonymous_7)","decl":{"start":{"line":151,"column":59},"end":{"line":151,"column":62}},"loc":{"start":{"line":152,"column":14},"end":{"line":164,"column":null}},"line":152},"8":{"name":"(anonymous_8)","decl":{"start":{"line":159,"column":16},"end":{"line":159,"column":null}},"loc":{"start":{"line":160,"column":18},"end":{"line":160,"column":46}},"line":160},"9":{"name":"(anonymous_9)","decl":{"start":{"line":170,"column":12},"end":{"line":170,"column":null}},"loc":{"start":{"line":171,"column":14},"end":{"line":172,"column":null}},"line":171}},"branchMap":{"0":{"loc":{"start":{"line":35,"column":18},"end":{"line":35,"column":null}},"type":"binary-expr","locations":[{"start":{"line":35,"column":18},"end":{"line":35,"column":48}},{"start":{"line":35,"column":52},"end":{"line":35,"column":null}}],"line":35},"1":{"loc":{"start":{"line":54,"column":6},"end":{"line":69,"column":null}},"type":"if","locations":[{"start":{"line":54,"column":6},"end":{"line":69,"column":null}},{"start":{"line":62,"column":13},"end":{"line":69,"column":null}}],"line":54},"2":{"loc":{"start":{"line":85,"column":4},"end":{"line":85,"column":null}},"type":"if","locations":[{"start":{"line":85,"column":4},"end":{"line":85,"column":null}},{"start":{},"end":{}}],"line":85},"3":{"loc":{"start":{"line":111,"column":4},"end":{"line":112,"column":null}},"type":"if","locations":[{"start":{"line":111,"column":4},"end":{"line":112,"column":null}},{"start":{},"end":{}}],"line":111},"4":{"loc":{"start":{"line":123,"column":11},"end":{"line":123,"column":null}},"type":"binary-expr","locations":[{"start":{"line":123,"column":11},"end":{"line":123,"column":22}},{"start":{"line":123,"column":22},"end":{"line":123,"column":null}}],"line":123},"5":{"loc":{"start":{"line":124,"column":11},"end":{"line":124,"column":null}},"type":"binary-expr","locations":[{"start":{"line":124,"column":11},"end":{"line":124,"column":20}},{"start":{"line":124,"column":20},"end":{"line":124,"column":null}}],"line":124},"6":{"loc":{"start":{"line":125,"column":11},"end":{"line":125,"column":null}},"type":"binary-expr","locations":[{"start":{"line":125,"column":11},"end":{"line":125,"column":23}},{"start":{"line":125,"column":23},"end":{"line":125,"column":33}},{"start":{"line":125,"column":33},"end":{"line":125,"column":null}}],"line":125},"7":{"loc":{"start":{"line":155,"column":18},"end":{"line":157,"column":null}},"type":"cond-expr","locations":[{"start":{"line":156,"column":22},"end":{"line":156,"column":null}},{"start":{"line":157,"column":22},"end":{"line":157,"column":null}}],"line":155}},"s":{"0":11,"1":14,"2":3,"3":1,"4":11,"5":11,"6":14,"7":14,"8":14,"9":14,"10":4,"11":4,"12":10,"13":9,"14":1,"15":14,"16":3,"17":3,"18":1,"19":2,"20":2,"21":1,"22":51,"23":2,"24":49,"25":49,"26":1,"27":0,"28":43,"29":0,"30":1},"f":{"0":11,"1":14,"2":3,"3":1,"4":51,"5":1,"6":0,"7":43,"8":0,"9":1},"b":{"0":[11,9],"1":[4,10],"2":[1,2],"3":[2,49],"4":[49,14],"5":[51,1],"6":[51,35,34],"7":[13,30]},"meta":{"lastBranch":8,"lastFunction":10,"lastStatement":31,"seen":{"s:22:17:32:Infinity":0,"s:45:13:78:Infinity":1,"s:82:2:98:Infinity":2,"s:101:2:108:Infinity":3,"f:34:2:34:22":0,"s:35:18:35:Infinity":4,"b:35:18:35:48:35:52:35:Infinity":0,"s:37:4:42:Infinity":5,"f:45:13:45:25":1,"s:46:4:49:Infinity":6,"s:51:4:78:Infinity":7,"s:52:32:52:Infinity":8,"b:54:6:69:Infinity:62:13:69:Infinity":1,"s:54:6:69:Infinity":9,"s:55:21:55:48":10,"s:57:8:61:Infinity":11,"s:63:21:63:48":12,"s:65:8:69:Infinity":13,"s:72:6:74:Infinity":14,"s:76:6:78:Infinity":15,"f:82:2:82:18":2,"s:83:20:83:32":16,"b:85:4:85:Infinity:undefined:undefined:undefined:undefined":2,"s:85:4:85:Infinity":17,"s:85:38:85:Infinity":18,"s:87:4:87:Infinity":19,"s:89:4:98:Infinity":20,"f:101:2:101:22":3,"s:102:4:108:Infinity":21,"f:110:2:110:11":4,"b:111:4:112:Infinity:undefined:undefined:undefined:undefined":3,"s:111:4:112:Infinity":22,"s:112:6:112:Infinity":23,"s:114:45:114:Infinity":24,"s:116:4:177:Infinity":25,"b:123:11:123:22:123:22:123:Infinity":4,"b:124:11:124:20:124:20:124:Infinity":5,"b:125:11:125:23:125:23:125:33:125:33:125:Infinity":6,"f:130:10:130:Infinity":5,"s:131:12:133:14":26,"f:141:12:141:Infinity":6,"s:142:14:143:Infinity":27,"f:151:59:151:62":7,"s:152:14:164:Infinity":28,"b:156:22:156:Infinity:157:22:157:Infinity":7,"f:159:16:159:Infinity":8,"s:160:18:160:46":29,"f:170:12:170:Infinity":9,"s:171:14:172:Infinity":30}}}
,"D:\\rs-react-2026\\src\\components\\Card\\Card.tsx": {"path":"D:\\rs-react-2026\\src\\components\\Card\\Card.tsx","statementMap":{"0":{"start":{"line":10,"column":25},"end":{"line":10,"column":null}},"1":{"start":{"line":12,"column":8},"end":{"line":32,"column":null}},"2":{"start":{"line":25,"column":24},"end":{"line":30,"column":null}}},"fnMap":{"0":{"name":"(anonymous_0)","decl":{"start":{"line":9,"column":4},"end":{"line":9,"column":13}},"loc":{"start":{"line":9,"column":13},"end":{"line":32,"column":null}},"line":9},"1":{"name":"(anonymous_1)","decl":{"start":{"line":24,"column":32},"end":{"line":24,"column":37}},"loc":{"start":{"line":25,"column":24},"end":{"line":30,"column":null}},"line":25}},"branchMap":{},"s":{"0":49,"1":49,"2":24},"f":{"0":49,"1":24},"b":{},"meta":{"lastBranch":0,"lastFunction":2,"lastStatement":3,"seen":{"f:9:4:9:13":0,"s:10:25:10:Infinity":0,"s:12:8:32:Infinity":1,"f:24:32:24:37":1,"s:25:24:30:Infinity":2}}}
,"D:\\rs-react-2026\\src\\components\\CardList\\CardList.tsx": {"path":"D:\\rs-react-2026\\src\\components\\CardList\\CardList.tsx","statementMap":{"0":{"start":{"line":11,"column":4},"end":{"line":19,"column":null}},"1":{"start":{"line":14,"column":10},"end":{"line":17,"column":null}}},"fnMap":{"0":{"name":"(anonymous_0)","decl":{"start":{"line":10,"column":2},"end":{"line":10,"column":11}},"loc":{"start":{"line":10,"column":11},"end":{"line":19,"column":null}},"line":10},"1":{"name":"(anonymous_1)","decl":{"start":{"line":13,"column":26},"end":{"line":13,"column":31}},"loc":{"start":{"line":14,"column":10},"end":{"line":17,"column":null}},"line":14}},"branchMap":{},"s":{"0":40,"1":42},"f":{"0":40,"1":42},"b":{},"meta":{"lastBranch":0,"lastFunction":2,"lastStatement":2,"seen":{"f:10:2:10:11":0,"s:11:4:19:Infinity":0,"f:13:26:13:31":1,"s:14:10:17:Infinity":1}}}
,"D:\\rs-react-2026\\src\\components\\ErrorBoundary\\ErrorBoundary.tsx": {"path":"D:\\rs-react-2026\\src\\components\\ErrorBoundary\\ErrorBoundary.tsx","statementMap":{"0":{"start":{"line":13,"column":19},"end":{"line":13,"column":38}},"1":{"start":{"line":23,"column":4},"end":{"line":24,"column":null}},"2":{"start":{"line":16,"column":8},"end":{"line":16,"column":null}},"3":{"start":{"line":20,"column":8},"end":{"line":20,"column":null}},"4":{"start":{"line":24,"column":8},"end":{"line":24,"column":null}},"5":{"start":{"line":28,"column":8},"end":{"line":40,"column":null}},"6":{"start":{"line":29,"column":12},"end":{"line":40,"column":null}},"7":{"start":{"line":45,"column":8},"end":{"line":45,"column":null}}},"fnMap":{"0":{"name":"(anonymous_0)","decl":{"start":{"line":15,"column":11},"end":{"line":15,"column":38}},"loc":{"start":{"line":15,"column":38},"end":{"line":16,"column":null}},"line":15},"1":{"name":"(anonymous_1)","decl":{"start":{"line":19,"column":4},"end":{"line":19,"column":22}},"loc":{"start":{"line":19,"column":36},"end":{"line":20,"column":null}},"line":19},"2":{"name":"(anonymous_2)","decl":{"start":{"line":23,"column":4},"end":{"line":23,"column":24}},"loc":{"start":{"line":23,"column":24},"end":{"line":24,"column":null}},"line":23},"3":{"name":"(anonymous_3)","decl":{"start":{"line":27,"column":4},"end":{"line":27,"column":13}},"loc":{"start":{"line":27,"column":13},"end":{"line":45,"column":null}},"line":27}},"branchMap":{"0":{"loc":{"start":{"line":28,"column":8},"end":{"line":40,"column":null}},"type":"if","locations":[{"start":{"line":28,"column":8},"end":{"line":40,"column":null}},{"start":{},"end":{}}],"line":28}},"s":{"0":13,"1":1,"2":14,"3":7,"4":1,"5":29,"6":14,"7":15},"f":{"0":13,"1":7,"2":1,"3":29},"b":{"0":[14,15]},"meta":{"lastBranch":1,"lastFunction":4,"lastStatement":8,"seen":{"s:13:19:13:38":0,"s:23:4:24:Infinity":1,"f:15:11:15:38":0,"s:16:8:16:Infinity":2,"f:19:4:19:22":1,"s:20:8:20:Infinity":3,"f:23:4:23:24":2,"s:24:8:24:Infinity":4,"f:27:4:27:13":3,"b:28:8:40:Infinity:undefined:undefined:undefined:undefined":0,"s:28:8:40:Infinity":5,"s:29:12:40:Infinity":6,"s:45:8:45:Infinity":7}}}
,"D:\\rs-react-2026\\src\\components\\ErrorMessage\\ErrorMessage.tsx": {"path":"D:\\rs-react-2026\\src\\components\\ErrorMessage\\ErrorMessage.tsx","statementMap":{"0":{"start":{"line":5,"column":8},"end":{"line":5,"column":null}}},"fnMap":{"0":{"name":"(anonymous_0)","decl":{"start":{"line":4,"column":4},"end":{"line":4,"column":13}},"loc":{"start":{"line":4,"column":13},"end":{"line":5,"column":null}},"line":4}},"branchMap":{},"s":{"0":6},"f":{"0":6},"b":{},"meta":{"lastBranch":0,"lastFunction":1,"lastStatement":1,"seen":{"f:4:4:4:13":0,"s:5:8:5:Infinity":0}}}
,"D:\\rs-react-2026\\src\\components\\Loader\\Loader.tsx": {"path":"D:\\rs-react-2026\\src\\components\\Loader\\Loader.tsx","statementMap":{"0":{"start":{"line":5,"column":4},"end":{"line":5,"column":null}}},"fnMap":{"0":{"name":"(anonymous_0)","decl":{"start":{"line":4,"column":2},"end":{"line":4,"column":11}},"loc":{"start":{"line":4,"column":11},"end":{"line":5,"column":null}},"line":4}},"branchMap":{},"s":{"0":16},"f":{"0":16},"b":{},"meta":{"lastBranch":0,"lastFunction":1,"lastStatement":1,"seen":{"f:4:2:4:11":0,"s:5:4:5:Infinity":0}}}
,"D:\\rs-react-2026\\src\\components\\Search\\Search.tsx": {"path":"D:\\rs-react-2026\\src\\components\\Search\\Search.tsx","statementMap":{"0":{"start":{"line":9,"column":10},"end":{"line":10,"column":null}},"1":{"start":{"line":21,"column":2},"end":{"line":22,"column":null}},"2":{"start":{"line":25,"column":2},"end":{"line":26,"column":null}},"3":{"start":{"line":14,"column":4},"end":{"line":17,"column":null}},"4":{"start":{"line":15,"column":6},"end":{"line":17,"column":null}},"5":{"start":{"line":22,"column":4},"end":{"line":22,"column":null}},"6":{"start":{"line":26,"column":4},"end":{"line":26,"column":null}},"7":{"start":{"line":30,"column":4},"end":{"line":38,"column":null}}},"fnMap":{"0":{"name":"(anonymous_0)","decl":{"start":{"line":13,"column":2},"end":{"line":13,"column":21}},"loc":{"start":{"line":13,"column":39},"end":{"line":17,"column":null}},"line":13},"1":{"name":"(anonymous_1)","decl":{"start":{"line":21,"column":2},"end":{"line":21,"column":18}},"loc":{"start":{"line":21,"column":61},"end":{"line":22,"column":null}},"line":21},"2":{"name":"(anonymous_2)","decl":{"start":{"line":25,"column":2},"end":{"line":25,"column":23}},"loc":{"start":{"line":25,"column":23},"end":{"line":26,"column":null}},"line":25},"3":{"name":"(anonymous_3)","decl":{"start":{"line":29,"column":2},"end":{"line":29,"column":11}},"loc":{"start":{"line":29,"column":11},"end":{"line":38,"column":null}},"line":29}},"branchMap":{"0":{"loc":{"start":{"line":14,"column":4},"end":{"line":17,"column":null}},"type":"if","locations":[{"start":{"line":14,"column":4},"end":{"line":17,"column":null}},{"start":{},"end":{}}],"line":14}},"s":{"0":17,"1":35,"2":5,"3":75,"4":5,"5":35,"6":5,"7":92},"f":{"0":75,"1":35,"2":5,"3":92},"b":{"0":[5,70]},"meta":{"lastBranch":1,"lastFunction":4,"lastStatement":8,"seen":{"s:9:10:10:Infinity":0,"s:21:2:22:Infinity":1,"s:25:2:26:Infinity":2,"f:13:2:13:21":0,"b:14:4:17:Infinity:undefined:undefined:undefined:undefined":0,"s:14:4:17:Infinity":3,"s:15:6:17:Infinity":4,"f:21:2:21:18":1,"s:22:4:22:Infinity":5,"f:25:2:25:23":2,"s:26:4:26:Infinity":6,"f:29:2:29:11":3,"s:30:4:38:Infinity":7}}}
,"D:\\rs-react-2026\\src\\services\\api.ts": {"path":"D:\\rs-react-2026\\src\\services\\api.ts","statementMap":{"0":{"start":{"line":43,"column":29},"end":{"line":85,"column":null}},"1":{"start":{"line":47,"column":14},"end":{"line":48,"column":null}},"2":{"start":{"line":51,"column":2},"end":{"line":52,"column":null}},"3":{"start":{"line":52,"column":4},"end":{"line":52,"column":null}},"4":{"start":{"line":56,"column":4},"end":{"line":56,"column":20}},"5":{"start":{"line":58,"column":27},"end":{"line":78,"column":null}},"6":{"start":{"line":60,"column":25},"end":{"line":60,"column":49}},"7":{"start":{"line":62,"column":6},"end":{"line":63,"column":null}},"8":{"start":{"line":63,"column":8},"end":{"line":63,"column":null}},"9":{"start":{"line":67,"column":8},"end":{"line":67,"column":31}},"10":{"start":{"line":69,"column":6},"end":{"line":77,"column":null}},"11":{"start":{"line":75,"column":17},"end":{"line":75,"column":null}},"12":{"start":{"line":81,"column":2},"end":{"line":85,"column":null}},"13":{"start":{"line":88,"column":30},"end":{"line":135,"column":null}},"14":{"start":{"line":91,"column":14},"end":{"line":92,"column":null}},"15":{"start":{"line":95,"column":2},"end":{"line":96,"column":null}},"16":{"start":{"line":96,"column":4},"end":{"line":96,"column":null}},"17":{"start":{"line":100,"column":4},"end":{"line":100,"column":20}},"18":{"start":{"line":102,"column":19},"end":{"line":105,"column":null}},"19":{"start":{"line":103,"column":4},"end":{"line":105,"column":36}},"20":{"start":{"line":108,"column":27},"end":{"line":128,"column":null}},"21":{"start":{"line":110,"column":25},"end":{"line":110,"column":49}},"22":{"start":{"line":112,"column":6},"end":{"line":113,"column":null}},"23":{"start":{"line":113,"column":8},"end":{"line":113,"column":null}},"24":{"start":{"line":117,"column":8},"end":{"line":117,"column":31}},"25":{"start":{"line":119,"column":6},"end":{"line":127,"column":null}},"26":{"start":{"line":125,"column":17},"end":{"line":125,"column":null}},"27":{"start":{"line":131,"column":2},"end":{"line":135,"column":null}}},"fnMap":{"0":{"name":"(anonymous_0)","decl":{"start":{"line":43,"column":29},"end":{"line":43,"column":null}},"loc":{"start":{"line":46,"column":31},"end":{"line":85,"column":null}},"line":46},"1":{"name":"(anonymous_1)","decl":{"start":{"line":59,"column":21},"end":{"line":59,"column":28}},"loc":{"start":{"line":59,"column":40},"end":{"line":78,"column":null}},"line":59},"2":{"name":"(anonymous_2)","decl":{"start":{"line":74,"column":29},"end":{"line":74,"column":null}},"loc":{"start":{"line":75,"column":17},"end":{"line":75,"column":null}},"line":75},"3":{"name":"(anonymous_3)","decl":{"start":{"line":88,"column":30},"end":{"line":88,"column":null}},"loc":{"start":{"line":90,"column":31},"end":{"line":135,"column":null}},"line":90},"4":{"name":"(anonymous_4)","decl":{"start":{"line":102,"column":32},"end":{"line":102,"column":40}},"loc":{"start":{"line":103,"column":4},"end":{"line":105,"column":36}},"line":103},"5":{"name":"(anonymous_5)","decl":{"start":{"line":109,"column":17},"end":{"line":109,"column":24}},"loc":{"start":{"line":109,"column":36},"end":{"line":128,"column":null}},"line":109},"6":{"name":"(anonymous_6)","decl":{"start":{"line":124,"column":29},"end":{"line":124,"column":null}},"loc":{"start":{"line":125,"column":17},"end":{"line":125,"column":null}},"line":125}},"branchMap":{"0":{"loc":{"start":{"line":44,"column":2},"end":{"line":44,"column":null}},"type":"default-arg","locations":[{"start":{"line":44,"column":11},"end":{"line":44,"column":null}}],"line":44},"1":{"loc":{"start":{"line":45,"column":2},"end":{"line":45,"column":null}},"type":"default-arg","locations":[{"start":{"line":45,"column":10},"end":{"line":45,"column":null}}],"line":45},"2":{"loc":{"start":{"line":51,"column":2},"end":{"line":52,"column":null}},"type":"if","locations":[{"start":{"line":51,"column":2},"end":{"line":52,"column":null}},{"start":{},"end":{}}],"line":51},"3":{"loc":{"start":{"line":62,"column":6},"end":{"line":63,"column":null}},"type":"if","locations":[{"start":{"line":62,"column":6},"end":{"line":63,"column":null}},{"start":{},"end":{}}],"line":62},"4":{"loc":{"start":{"line":95,"column":2},"end":{"line":96,"column":null}},"type":"if","locations":[{"start":{"line":95,"column":2},"end":{"line":96,"column":null}},{"start":{},"end":{}}],"line":95},"5":{"loc":{"start":{"line":112,"column":6},"end":{"line":113,"column":null}},"type":"if","locations":[{"start":{"line":112,"column":6},"end":{"line":113,"column":null}},{"start":{},"end":{}}],"line":112}},"s":{"0":1,"1":3,"2":3,"3":1,"4":2,"5":2,"6":2,"7":2,"8":1,"9":1,"10":1,"11":1,"12":1,"13":1,"14":5,"15":5,"16":1,"17":4,"18":4,"19":5,"20":4,"21":3,"22":3,"23":1,"24":2,"25":2,"26":1,"27":3},"f":{"0":3,"1":2,"2":1,"3":5,"4":5,"5":3,"6":1},"b":{"0":[3],"1":[3],"2":[1,2],"3":[1,1],"4":[1,4],"5":[1,2]},"meta":{"lastBranch":6,"lastFunction":7,"lastStatement":28,"seen":{"s:43:29:85:Infinity":0,"f:43:29:43:Infinity":0,"b:44:11:44:Infinity":0,"b:45:10:45:Infinity":1,"s:47:14:48:Infinity":1,"b:51:2:52:Infinity:undefined:undefined:undefined:undefined":2,"s:51:2:52:Infinity":2,"s:52:4:52:Infinity":3,"s:56:4:56:20":4,"s:58:27:78:Infinity":5,"f:59:21:59:28":1,"s:60:25:60:49":6,"b:62:6:63:Infinity:undefined:undefined:undefined:undefined":3,"s:62:6:63:Infinity":7,"s:63:8:63:Infinity":8,"s:67:8:67:31":9,"s:69:6:77:Infinity":10,"f:74:29:74:Infinity":2,"s:75:17:75:Infinity":11,"s:81:2:85:Infinity":12,"s:88:30:135:Infinity":13,"f:88:30:88:Infinity":3,"s:91:14:92:Infinity":14,"b:95:2:96:Infinity:undefined:undefined:undefined:undefined":4,"s:95:2:96:Infinity":15,"s:96:4:96:Infinity":16,"s:100:4:100:20":17,"s:102:19:105:Infinity":18,"f:102:32:102:40":4,"s:103:4:105:36":19,"s:108:27:128:Infinity":20,"f:109:17:109:24":5,"s:110:25:110:49":21,"b:112:6:113:Infinity:undefined:undefined:undefined:undefined":5,"s:112:6:113:Infinity":22,"s:113:8:113:Infinity":23,"s:117:8:117:31":24,"s:119:6:127:Infinity":25,"f:124:29:124:Infinity":6,"s:125:17:125:Infinity":26,"s:131:2:135:Infinity":27}}}
}
