{"D:\\rs-react-2026\\src\\App.tsx": {"path":"D:\\rs-react-2026\\src\\App.tsx","statementMap":{"0":{"start":{"line":5,"column":2},"end":{"line":8,"column":null}}},"fnMap":{"0":{"name":"App","decl":{"start":{"line":4,"column":9},"end":{"line":4,"column":15}},"loc":{"start":{"line":4,"column":15},"end":{"line":8,"column":null}},"line":4}},"branchMap":{},"s":{"0":12},"f":{"0":12},"b":{},"meta":{"lastBranch":0,"lastFunction":1,"lastStatement":1,"seen":{"f:4:9:4:15":0,"s:5:2:8:Infinity":0}}}
,"D:\\rs-react-2026\\src\\components\\Card\\Card.tsx": {"path":"D:\\rs-react-2026\\src\\components\\Card\\Card.tsx","statementMap":{"0":{"start":{"line":9,"column":8},"end":{"line":9,"column":32}},"1":{"start":{"line":10,"column":9},"end":{"line":10,"column":42}},"2":{"start":{"line":12,"column":8},"end":{"line":16,"column":null}},"3":{"start":{"line":13,"column":4},"end":{"line":16,"column":null}},"4":{"start":{"line":19,"column":2},"end":{"line":49,"column":null}},"5":{"start":{"line":26,"column":8},"end":{"line":27,"column":null}},"6":{"start":{"line":27,"column":10},"end":{"line":27,"column":null}},"7":{"start":{"line":42,"column":10},"end":{"line":47,"column":null}}},"fnMap":{"0":{"name":"Card","decl":{"start":{"line":8,"column":9},"end":{"line":8,"column":14}},"loc":{"start":{"line":8,"column":31},"end":{"line":49,"column":null}},"line":8},"1":{"name":"(anonymous_1)","decl":{"start":{"line":12,"column":8},"end":{"line":12,"column":34}},"loc":{"start":{"line":12,"column":34},"end":{"line":16,"column":null}},"line":12},"2":{"name":"(anonymous_2)","decl":{"start":{"line":25,"column":6},"end":{"line":25,"column":18}},"loc":{"start":{"line":25,"column":24},"end":{"line":27,"column":null}},"line":25},"3":{"name":"(anonymous_3)","decl":{"start":{"line":41,"column":20},"end":{"line":41,"column":25}},"loc":{"start":{"line":42,"column":10},"end":{"line":47,"column":null}},"line":42}},"branchMap":{"0":{"loc":{"start":{"line":26,"column":8},"end":{"line":27,"column":null}},"type":"if","locations":[{"start":{"line":26,"column":8},"end":{"line":27,"column":null}},{"start":{},"end":{}}],"line":26}},"s":{"0":170,"1":170,"2":170,"3":5,"4":170,"5":2,"6":2,"7":20},"f":{"0":170,"1":5,"2":2,"3":20},"b":{"0":[2,0]},"meta":{"lastBranch":1,"lastFunction":4,"lastStatement":8,"seen":{"f:8:9:8:14":0,"s:9:8:9:32":0,"s:10:9:10:42":1,"s:12:8:16:Infinity":2,"f:12:8:12:34":1,"s:13:4:16:Infinity":3,"s:19:2:49:Infinity":4,"f:25:6:25:18":2,"b:26:8:27:Infinity:undefined:undefined:undefined:undefined":0,"s:26:8:27:Infinity":5,"s:27:10:27:Infinity":6,"f:41:20:41:25":3,"s:42:10:47:Infinity":7}}}
,"D:\\rs-react-2026\\src\\components\\CardList\\CardList.tsx": {"path":"D:\\rs-react-2026\\src\\components\\CardList\\CardList.tsx","statementMap":{"0":{"start":{"line":9,"column":2},"end":{"line":17,"column":null}},"1":{"start":{"line":12,"column":8},"end":{"line":15,"column":null}}},"fnMap":{"0":{"name":"CardList","decl":{"start":{"line":8,"column":9},"end":{"line":8,"column":18}},"loc":{"start":{"line":8,"column":36},"end":{"line":17,"column":null}},"line":8},"1":{"name":"(anonymous_1)","decl":{"start":{"line":11,"column":13},"end":{"line":11,"column":18}},"loc":{"start":{"line":12,"column":8},"end":{"line":15,"column":null}},"line":12}},"branchMap":{},"s":{"0":41,"1":164},"f":{"0":41,"1":164},"b":{},"meta":{"lastBranch":0,"lastFunction":2,"lastStatement":2,"seen":{"f:8:9:8:18":0,"s:9:2:17:Infinity":0,"f:11:13:11:18":1,"s:12:8:15:Infinity":1}}}
,"D:\\rs-react-2026\\src\\components\\ErrorBoundary\\ErrorBoundary.tsx": {"path":"D:\\rs-react-2026\\src\\components\\ErrorBoundary\\ErrorBoundary.tsx","statementMap":{"0":{"start":{"line":13,"column":19},"end":{"line":13,"column":38}},"1":{"start":{"line":23,"column":4},"end":{"line":24,"column":null}},"2":{"start":{"line":16,"column":8},"end":{"line":16,"column":null}},"3":{"start":{"line":20,"column":8},"end":{"line":20,"column":null}},"4":{"start":{"line":24,"column":8},"end":{"line":24,"column":null}},"5":{"start":{"line":28,"column":8},"end":{"line":40,"column":null}},"6":{"start":{"line":29,"column":12},"end":{"line":40,"column":null}},"7":{"start":{"line":45,"column":8},"end":{"line":45,"column":null}}},"fnMap":{"0":{"name":"(anonymous_0)","decl":{"start":{"line":15,"column":11},"end":{"line":15,"column":38}},"loc":{"start":{"line":15,"column":38},"end":{"line":16,"column":null}},"line":15},"1":{"name":"(anonymous_1)","decl":{"start":{"line":19,"column":4},"end":{"line":19,"column":22}},"loc":{"start":{"line":19,"column":36},"end":{"line":20,"column":null}},"line":19},"2":{"name":"(anonymous_2)","decl":{"start":{"line":23,"column":4},"end":{"line":23,"column":24}},"loc":{"start":{"line":23,"column":24},"end":{"line":24,"column":null}},"line":23},"3":{"name":"(anonymous_3)","decl":{"start":{"line":27,"column":4},"end":{"line":27,"column":13}},"loc":{"start":{"line":27,"column":13},"end":{"line":45,"column":null}},"line":27}},"branchMap":{"0":{"loc":{"start":{"line":28,"column":8},"end":{"line":40,"column":null}},"type":"if","locations":[{"start":{"line":28,"column":8},"end":{"line":40,"column":null}},{"start":{},"end":{}}],"line":28}},"s":{"0":13,"1":1,"2":14,"3":7,"4":1,"5":29,"6":14,"7":15},"f":{"0":13,"1":7,"2":1,"3":29},"b":{"0":[14,15]},"meta":{"lastBranch":1,"lastFunction":4,"lastStatement":8,"seen":{"s:13:19:13:38":0,"s:23:4:24:Infinity":1,"f:15:11:15:38":0,"s:16:8:16:Infinity":2,"f:19:4:19:22":1,"s:20:8:20:Infinity":3,"f:23:4:23:24":2,"s:24:8:24:Infinity":4,"f:27:4:27:13":3,"b:28:8:40:Infinity:undefined:undefined:undefined:undefined":0,"s:28:8:40:Infinity":5,"s:29:12:40:Infinity":6,"s:45:8:45:Infinity":7}}}
,"D:\\rs-react-2026\\src\\components\\ErrorMessage\\ErrorMessage.tsx": {"path":"D:\\rs-react-2026\\src\\components\\ErrorMessage\\ErrorMessage.tsx","statementMap":{"0":{"start":{"line":9,"column":2},"end":{"line":12,"column":null}}},"fnMap":{"0":{"name":"ErrorMessage","decl":{"start":{"line":6,"column":9},"end":{"line":6,"column":22}},"loc":{"start":{"line":8,"column":10},"end":{"line":12,"column":null}},"line":8}},"branchMap":{},"s":{"0":8},"f":{"0":8},"b":{},"meta":{"lastBranch":0,"lastFunction":1,"lastStatement":1,"seen":{"f:6:9:6:22":0,"s:9:2:12:Infinity":0}}}
,"D:\\rs-react-2026\\src\\components\\Loader\\Loader.tsx": {"path":"D:\\rs-react-2026\\src\\components\\Loader\\Loader.tsx","statementMap":{"0":{"start":{"line":3,"column":2},"end":{"line":7,"column":null}}},"fnMap":{"0":{"name":"Loader","decl":{"start":{"line":2,"column":9},"end":{"line":2,"column":18}},"loc":{"start":{"line":2,"column":18},"end":{"line":7,"column":null}},"line":2}},"branchMap":{},"s":{"0":19},"f":{"0":19},"b":{},"meta":{"lastBranch":0,"lastFunction":1,"lastStatement":1,"seen":{"f:2:9:2:18":0,"s:3:2:7:Infinity":0}}}
,"D:\\rs-react-2026\\src\\components\\Navbar\\Navbar.tsx": {"path":"D:\\rs-react-2026\\src\\components\\Navbar\\Navbar.tsx","statementMap":{"0":{"start":{"line":5,"column":24},"end":{"line":6,"column":23}},"1":{"start":{"line":8,"column":4},"end":{"line":11,"column":null}},"2":{"start":{"line":9,"column":8},"end":{"line":11,"column":null}},"3":{"start":{"line":14,"column":4},"end":{"line":48,"column":null}},"4":{"start":{"line":21,"column":20},"end":{"line":23,"column":null}},"5":{"start":{"line":32,"column":20},"end":{"line":34,"column":null}},"6":{"start":{"line":44,"column":20},"end":{"line":44,"column":40}}},"fnMap":{"0":{"name":"Navbar","decl":{"start":{"line":4,"column":9},"end":{"line":4,"column":18}},"loc":{"start":{"line":4,"column":18},"end":{"line":48,"column":null}},"line":4},"1":{"name":"(anonymous_1)","decl":{"start":{"line":20,"column":16},"end":{"line":20,"column":28}},"loc":{"start":{"line":21,"column":20},"end":{"line":23,"column":null}},"line":21},"2":{"name":"(anonymous_2)","decl":{"start":{"line":31,"column":16},"end":{"line":31,"column":28}},"loc":{"start":{"line":32,"column":20},"end":{"line":34,"column":null}},"line":32},"3":{"name":"(anonymous_3)","decl":{"start":{"line":43,"column":16},"end":{"line":43,"column":null}},"loc":{"start":{"line":44,"column":20},"end":{"line":44,"column":40}},"line":44}},"branchMap":{"0":{"loc":{"start":{"line":8,"column":4},"end":{"line":11,"column":null}},"type":"if","locations":[{"start":{"line":8,"column":4},"end":{"line":11,"column":null}},{"start":{},"end":{}}],"line":8},"1":{"loc":{"start":{"line":21,"column":20},"end":{"line":23,"column":null}},"type":"cond-expr","locations":[{"start":{"line":22,"column":26},"end":{"line":22,"column":null}},{"start":{"line":23,"column":26},"end":{"line":23,"column":null}}],"line":21},"2":{"loc":{"start":{"line":32,"column":20},"end":{"line":34,"column":null}},"type":"cond-expr","locations":[{"start":{"line":33,"column":26},"end":{"line":33,"column":null}},{"start":{"line":34,"column":26},"end":{"line":34,"column":null}}],"line":32}},"s":{"0":14,"1":14,"2":2,"3":11,"4":16,"5":16,"6":1},"f":{"0":14,"1":16,"2":16,"3":1},"b":{"0":[2,12],"1":[16,0],"2":[0,16]},"meta":{"lastBranch":3,"lastFunction":4,"lastStatement":7,"seen":{"f:4:9:4:18":0,"s:5:24:6:23":0,"b:8:4:11:Infinity:undefined:undefined:undefined:undefined":0,"s:8:4:11:Infinity":1,"s:9:8:11:Infinity":2,"s:14:4:48:Infinity":3,"f:20:16:20:28":1,"s:21:20:23:Infinity":4,"b:22:26:22:Infinity:23:26:23:Infinity":1,"f:31:16:31:28":2,"s:32:20:34:Infinity":5,"b:33:26:33:Infinity:34:26:34:Infinity":2,"f:43:16:43:Infinity":3,"s:44:20:44:40":6}}}
,"D:\\rs-react-2026\\src\\components\\Pagination\\Pagination.tsx": {"path":"D:\\rs-react-2026\\src\\components\\Pagination\\Pagination.tsx","statementMap":{"0":{"start":{"line":8,"column":24},"end":{"line":8,"column":null}},"1":{"start":{"line":15,"column":2},"end":{"line":16,"column":null}},"2":{"start":{"line":16,"column":4},"end":{"line":16,"column":null}},"3":{"start":{"line":19,"column":23},"end":{"line":21,"column":null}},"4":{"start":{"line":25,"column":4},"end":{"line":27,"column":null}},"5":{"start":{"line":29,"column":18},"end":{"line":33,"column":null}},"6":{"start":{"line":36,"column":16},"end":{"line":41,"column":null}},"7":{"start":{"line":41,"column":14},"end":{"line":41,"column":null}},"8":{"start":{"line":44,"column":2},"end":{"line":84,"column":null}},"9":{"start":{"line":50,"column":10},"end":{"line":50,"column":39}},"10":{"start":{"line":58,"column":10},"end":{"line":70,"column":null}},"11":{"start":{"line":66,"column":14},"end":{"line":66,"column":32}},"12":{"start":{"line":80,"column":10},"end":{"line":80,"column":39}}},"fnMap":{"0":{"name":"Pagination","decl":{"start":{"line":10,"column":9},"end":{"line":10,"column":20}},"loc":{"start":{"line":14,"column":10},"end":{"line":84,"column":null}},"line":14},"1":{"name":"(anonymous_1)","decl":{"start":{"line":40,"column":5},"end":{"line":40,"column":null}},"loc":{"start":{"line":41,"column":14},"end":{"line":41,"column":null}},"line":41},"2":{"name":"(anonymous_2)","decl":{"start":{"line":49,"column":8},"end":{"line":49,"column":null}},"loc":{"start":{"line":50,"column":10},"end":{"line":50,"column":39}},"line":50},"3":{"name":"(anonymous_3)","decl":{"start":{"line":57,"column":15},"end":{"line":57,"column":20}},"loc":{"start":{"line":58,"column":10},"end":{"line":70,"column":null}},"line":58},"4":{"name":"(anonymous_4)","decl":{"start":{"line":65,"column":12},"end":{"line":65,"column":null}},"loc":{"start":{"line":66,"column":14},"end":{"line":66,"column":32}},"line":66},"5":{"name":"(anonymous_5)","decl":{"start":{"line":79,"column":8},"end":{"line":79,"column":null}},"loc":{"start":{"line":80,"column":10},"end":{"line":80,"column":39}},"line":80}},"branchMap":{"0":{"loc":{"start":{"line":15,"column":2},"end":{"line":16,"column":null}},"type":"if","locations":[{"start":{"line":15,"column":2},"end":{"line":16,"column":null}},{"start":{},"end":{}}],"line":15},"1":{"loc":{"start":{"line":61,"column":14},"end":{"line":63,"column":null}},"type":"cond-expr","locations":[{"start":{"line":62,"column":18},"end":{"line":62,"column":null}},{"start":{"line":63,"column":18},"end":{"line":63,"column":null}}],"line":61}},"s":{"0":2,"1":35,"2":24,"3":11,"4":11,"5":11,"6":11,"7":31,"8":11,"9":0,"10":31,"11":2,"12":0},"f":{"0":35,"1":31,"2":0,"3":31,"4":2,"5":0},"b":{"0":[24,11],"1":[11,20]},"meta":{"lastBranch":2,"lastFunction":6,"lastStatement":13,"seen":{"s:8:24:8:Infinity":0,"f:10:9:10:20":0,"b:15:2:16:Infinity:undefined:undefined:undefined:undefined":0,"s:15:2:16:Infinity":1,"s:16:4:16:Infinity":2,"s:19:23:21:Infinity":3,"s:25:4:27:Infinity":4,"s:29:18:33:Infinity":5,"s:36:16:41:Infinity":6,"f:40:5:40:Infinity":1,"s:41:14:41:Infinity":7,"s:44:2:84:Infinity":8,"f:49:8:49:Infinity":2,"s:50:10:50:39":9,"f:57:15:57:20":3,"s:58:10:70:Infinity":10,"b:62:18:62:Infinity:63:18:63:Infinity":1,"f:65:12:65:Infinity":4,"s:66:14:66:32":11,"f:79:8:79:Infinity":5,"s:80:10:80:39":12}}}
,"D:\\rs-react-2026\\src\\components\\Search\\Search.tsx": {"path":"D:\\rs-react-2026\\src\\components\\Search\\Search.tsx","statementMap":{"0":{"start":{"line":11,"column":23},"end":{"line":12,"column":21}},"1":{"start":{"line":15,"column":4},"end":{"line":15,"column":null}},"2":{"start":{"line":17,"column":22},"end":{"line":20,"column":null}},"3":{"start":{"line":23,"column":16},"end":{"line":24,"column":25}},"4":{"start":{"line":26,"column":2},"end":{"line":28,"column":null}},"5":{"start":{"line":27,"column":4},"end":{"line":27,"column":null}},"6":{"start":{"line":30,"column":8},"end":{"line":47,"column":null}},"7":{"start":{"line":31,"column":20},"end":{"line":31,"column":32}},"8":{"start":{"line":33,"column":4},"end":{"line":33,"column":null}},"9":{"start":{"line":35,"column":19},"end":{"line":36,"column":null}},"10":{"start":{"line":39,"column":4},"end":{"line":42,"column":null}},"11":{"start":{"line":40,"column":6},"end":{"line":40,"column":null}},"12":{"start":{"line":42,"column":6},"end":{"line":42,"column":null}},"13":{"start":{"line":45,"column":4},"end":{"line":45,"column":null}},"14":{"start":{"line":47,"column":4},"end":{"line":47,"column":null}},"15":{"start":{"line":50,"column":8},"end":{"line":52,"column":null}},"16":{"start":{"line":51,"column":4},"end":{"line":51,"column":null}},"17":{"start":{"line":52,"column":4},"end":{"line":52,"column":null}},"18":{"start":{"line":55,"column":2},"end":{"line":74,"column":null}},"19":{"start":{"line":60,"column":10},"end":{"line":60,"column":34}},"20":{"start":{"line":63,"column":10},"end":{"line":64,"column":null}},"21":{"start":{"line":64,"column":12},"end":{"line":64,"column":null}}},"fnMap":{"0":{"name":"Search","decl":{"start":{"line":10,"column":9},"end":{"line":10,"column":18}},"loc":{"start":{"line":10,"column":18},"end":{"line":74,"column":null}},"line":10},"1":{"name":"(anonymous_1)","decl":{"start":{"line":26,"column":2},"end":{"line":26,"column":18}},"loc":{"start":{"line":26,"column":18},"end":{"line":28,"column":6}},"line":26},"2":{"name":"(anonymous_2)","decl":{"start":{"line":30,"column":8},"end":{"line":30,"column":29}},"loc":{"start":{"line":30,"column":29},"end":{"line":47,"column":null}},"line":30},"3":{"name":"(anonymous_3)","decl":{"start":{"line":50,"column":8},"end":{"line":50,"column":34}},"loc":{"start":{"line":50,"column":34},"end":{"line":52,"column":null}},"line":50},"4":{"name":"(anonymous_4)","decl":{"start":{"line":59,"column":8},"end":{"line":59,"column":19}},"loc":{"start":{"line":60,"column":10},"end":{"line":60,"column":34}},"line":60},"5":{"name":"(anonymous_5)","decl":{"start":{"line":62,"column":8},"end":{"line":62,"column":20}},"loc":{"start":{"line":62,"column":26},"end":{"line":64,"column":null}},"line":62}},"branchMap":{"0":{"loc":{"start":{"line":15,"column":4},"end":{"line":15,"column":null}},"type":"binary-expr","locations":[{"start":{"line":15,"column":4},"end":{"line":15,"column":29}},{"start":{"line":15,"column":33},"end":{"line":15,"column":null}}],"line":15},"1":{"loc":{"start":{"line":39,"column":4},"end":{"line":42,"column":null}},"type":"if","locations":[{"start":{"line":39,"column":4},"end":{"line":42,"column":null}},{"start":{"line":41,"column":11},"end":{"line":42,"column":null}}],"line":39},"2":{"loc":{"start":{"line":63,"column":10},"end":{"line":64,"column":null}},"type":"if","locations":[{"start":{"line":63,"column":10},"end":{"line":64,"column":null}},{"start":{},"end":{}}],"line":63}},"s":{"0":106,"1":106,"2":106,"3":106,"4":106,"5":26,"6":106,"7":7,"8":7,"9":7,"10":7,"11":5,"12":2,"13":7,"14":7,"15":106,"16":0,"17":0,"18":106,"19":38,"20":38,"21":0},"f":{"0":106,"1":26,"2":7,"3":0,"4":38,"5":38},"b":{"0":[106,94],"1":[5,2],"2":[0,38]},"meta":{"lastBranch":3,"lastFunction":6,"lastStatement":22,"seen":{"f:10:9:10:18":0,"s:11:23:12:21":0,"s:15:4:15:Infinity":1,"b:15:4:15:29:15:33:15:Infinity":0,"s:17:22:20:Infinity":2,"s:23:16:24:25":3,"s:26:2:28:Infinity":4,"f:26:2:26:18":1,"s:27:4:27:Infinity":5,"s:30:8:47:Infinity":6,"f:30:8:30:29":2,"s:31:20:31:32":7,"s:33:4:33:Infinity":8,"s:35:19:36:Infinity":9,"b:39:4:42:Infinity:41:11:42:Infinity":1,"s:39:4:42:Infinity":10,"s:40:6:40:Infinity":11,"s:42:6:42:Infinity":12,"s:45:4:45:Infinity":13,"s:47:4:47:Infinity":14,"s:50:8:52:Infinity":15,"f:50:8:50:34":3,"s:51:4:51:Infinity":16,"s:52:4:52:Infinity":17,"s:55:2:74:Infinity":18,"f:59:8:59:19":4,"s:60:10:60:34":19,"f:62:8:62:20":5,"b:63:10:64:Infinity:undefined:undefined:undefined:undefined":2,"s:63:10:64:Infinity":20,"s:64:12:64:Infinity":21}}}
,"D:\\rs-react-2026\\src\\helpers\\test.utils.tsx": {"path":"D:\\rs-react-2026\\src\\helpers\\test.utils.tsx","statementMap":{"0":{"start":{"line":6,"column":13},"end":{"line":14,"column":null}},"1":{"start":{"line":10,"column":2},"end":{"line":14,"column":null}}},"fnMap":{"0":{"name":"(anonymous_0)","decl":{"start":{"line":6,"column":13},"end":{"line":6,"column":null}},"loc":{"start":{"line":9,"column":5},"end":{"line":14,"column":null}},"line":9}},"branchMap":{"0":{"loc":{"start":{"line":8,"column":2},"end":{"line":8,"column":null}},"type":"default-arg","locations":[{"start":{"line":8,"column":10},"end":{"line":8,"column":null}}],"line":8}},"s":{"0":7,"1":41},"f":{"0":41},"b":{"0":[41]},"meta":{"lastBranch":1,"lastFunction":1,"lastStatement":2,"seen":{"s:6:13:14:Infinity":0,"f:6:13:6:Infinity":0,"b:8:10:8:Infinity":0,"s:10:2:14:Infinity":1}}}
,"D:\\rs-react-2026\\src\\hooks\\useLocalStorage.ts": {"path":"D:\\rs-react-2026\\src\\hooks\\useLocalStorage.ts","statementMap":{"0":{"start":{"line":3,"column":13},"end":{"line":18,"column":null}},"1":{"start":{"line":7,"column":16},"end":{"line":12,"column":null}},"2":{"start":{"line":8,"column":4},"end":{"line":10,"column":null}},"3":{"start":{"line":14,"column":2},"end":{"line":16,"column":null}},"4":{"start":{"line":15,"column":4},"end":{"line":15,"column":null}},"5":{"start":{"line":18,"column":2},"end":{"line":18,"column":null}}},"fnMap":{"0":{"name":"(anonymous_0)","decl":{"start":{"line":3,"column":13},"end":{"line":3,"column":null}},"loc":{"start":{"line":6,"column":5},"end":{"line":18,"column":null}},"line":6},"1":{"name":"(anonymous_1)","decl":{"start":{"line":7,"column":28},"end":{"line":7,"column":43}},"loc":{"start":{"line":7,"column":43},"end":{"line":12,"column":null}},"line":7},"2":{"name":"(anonymous_2)","decl":{"start":{"line":14,"column":2},"end":{"line":14,"column":18}},"loc":{"start":{"line":14,"column":18},"end":{"line":16,"column":6}},"line":14}},"branchMap":{"0":{"loc":{"start":{"line":5,"column":2},"end":{"line":5,"column":null}},"type":"default-arg","locations":[{"start":{"line":5,"column":17},"end":{"line":5,"column":null}}],"line":5},"1":{"loc":{"start":{"line":9,"column":6},"end":{"line":10,"column":null}},"type":"binary-expr","locations":[{"start":{"line":9,"column":6},"end":{"line":9,"column":31}},{"start":{"line":10,"column":6},"end":{"line":10,"column":null}}],"line":9}},"s":{"0":3,"1":106,"2":22,"3":106,"4":26,"5":106},"f":{"0":106,"1":22,"2":26},"b":{"0":[106],"1":[22,21]},"meta":{"lastBranch":2,"lastFunction":3,"lastStatement":6,"seen":{"s:3:13:18:Infinity":0,"f:3:13:3:Infinity":0,"b:5:17:5:Infinity":0,"s:7:16:12:Infinity":1,"f:7:28:7:43":1,"s:8:4:10:Infinity":2,"b:9:6:9:31:10:6:10:Infinity":1,"s:14:2:16:Infinity":3,"f:14:2:14:18":2,"s:15:4:15:Infinity":4,"s:18:2:18:Infinity":5}}}
,"D:\\rs-react-2026\\src\\hooks\\usePokemonDetails.ts": {"path":"D:\\rs-react-2026\\src\\hooks\\usePokemonDetails.ts","statementMap":{"0":{"start":{"line":17,"column":13},"end":{"line":62,"column":null}},"1":{"start":{"line":20,"column":18},"end":{"line":22,"column":null}},"2":{"start":{"line":25,"column":18},"end":{"line":26,"column":19}},"3":{"start":{"line":28,"column":16},"end":{"line":30,"column":9}},"4":{"start":{"line":32,"column":2},"end":{"line":56,"column":null}},"5":{"start":{"line":33,"column":4},"end":{"line":34,"column":null}},"6":{"start":{"line":34,"column":6},"end":{"line":34,"column":null}},"7":{"start":{"line":37,"column":24},"end":{"line":51,"column":null}},"8":{"start":{"line":38,"column":6},"end":{"line":38,"column":null}},"9":{"start":{"line":39,"column":6},"end":{"line":39,"column":null}},"10":{"start":{"line":41,"column":6},"end":{"line":51,"column":null}},"11":{"start":{"line":43,"column":10},"end":{"line":43,"column":36}},"12":{"start":{"line":45,"column":8},"end":{"line":45,"column":null}},"13":{"start":{"line":47,"column":8},"end":{"line":49,"column":null}},"14":{"start":{"line":51,"column":8},"end":{"line":51,"column":null}},"15":{"start":{"line":55,"column":4},"end":{"line":55,"column":null}},"16":{"start":{"line":58,"column":2},"end":{"line":62,"column":null}}},"fnMap":{"0":{"name":"(anonymous_0)","decl":{"start":{"line":17,"column":13},"end":{"line":17,"column":null}},"loc":{"start":{"line":19,"column":17},"end":{"line":62,"column":null}},"line":19},"1":{"name":"(anonymous_1)","decl":{"start":{"line":32,"column":2},"end":{"line":32,"column":18}},"loc":{"start":{"line":32,"column":18},"end":{"line":56,"column":6}},"line":32},"2":{"name":"(anonymous_2)","decl":{"start":{"line":37,"column":24},"end":{"line":37,"column":36}},"loc":{"start":{"line":37,"column":36},"end":{"line":51,"column":null}},"line":37}},"branchMap":{"0":{"loc":{"start":{"line":33,"column":4},"end":{"line":34,"column":null}},"type":"if","locations":[{"start":{"line":33,"column":4},"end":{"line":34,"column":null}},{"start":{},"end":{}}],"line":33}},"s":{"0":3,"1":9,"2":9,"3":9,"4":9,"5":4,"6":1,"7":3,"8":3,"9":3,"10":3,"11":3,"12":2,"13":1,"14":3,"15":3,"16":9},"f":{"0":9,"1":4,"2":3},"b":{"0":[1,3]},"meta":{"lastBranch":1,"lastFunction":3,"lastStatement":17,"seen":{"s:17:13:62:Infinity":0,"f:17:13:17:Infinity":0,"s:20:18:22:Infinity":1,"s:25:18:26:19":2,"s:28:16:30:9":3,"s:32:2:56:Infinity":4,"f:32:2:32:18":1,"b:33:4:34:Infinity:undefined:undefined:undefined:undefined":0,"s:33:4:34:Infinity":5,"s:34:6:34:Infinity":6,"s:37:24:51:Infinity":7,"f:37:24:37:36":2,"s:38:6:38:Infinity":8,"s:39:6:39:Infinity":9,"s:41:6:51:Infinity":10,"s:43:10:43:36":11,"s:45:8:45:Infinity":12,"s:47:8:49:Infinity":13,"s:51:8:51:Infinity":14,"s:55:4:55:Infinity":15,"s:58:2:62:Infinity":16}}}
,"D:\\rs-react-2026\\src\\hooks\\usePokemonList.ts": {"path":"D:\\rs-react-2026\\src\\hooks\\usePokemonList.ts","statementMap":{"0":{"start":{"line":17,"column":14},"end":{"line":17,"column":null}},"1":{"start":{"line":19,"column":13},"end":{"line":76,"column":null}},"2":{"start":{"line":23,"column":16},"end":{"line":25,"column":7}},"3":{"start":{"line":27,"column":18},"end":{"line":28,"column":19}},"4":{"start":{"line":30,"column":16},"end":{"line":32,"column":9}},"5":{"start":{"line":34,"column":21},"end":{"line":35,"column":15}},"6":{"start":{"line":37,"column":2},"end":{"line":69,"column":null}},"7":{"start":{"line":38,"column":21},"end":{"line":64,"column":null}},"8":{"start":{"line":39,"column":6},"end":{"line":39,"column":null}},"9":{"start":{"line":40,"column":6},"end":{"line":40,"column":null}},"10":{"start":{"line":42,"column":6},"end":{"line":64,"column":null}},"11":{"start":{"line":43,"column":14},"end":{"line":43,"column":null}},"12":{"start":{"line":45,"column":21},"end":{"line":53,"column":null}},"13":{"start":{"line":56,"column":8},"end":{"line":56,"column":null}},"14":{"start":{"line":58,"column":8},"end":{"line":60,"column":null}},"15":{"start":{"line":62,"column":8},"end":{"line":62,"column":null}},"16":{"start":{"line":64,"column":8},"end":{"line":64,"column":null}},"17":{"start":{"line":68,"column":4},"end":{"line":68,"column":null}},"18":{"start":{"line":71,"column":2},"end":{"line":76,"column":null}}},"fnMap":{"0":{"name":"(anonymous_0)","decl":{"start":{"line":19,"column":13},"end":{"line":19,"column":null}},"loc":{"start":{"line":22,"column":17},"end":{"line":76,"column":null}},"line":22},"1":{"name":"(anonymous_1)","decl":{"start":{"line":37,"column":2},"end":{"line":37,"column":18}},"loc":{"start":{"line":37,"column":18},"end":{"line":69,"column":6}},"line":37},"2":{"name":"(anonymous_2)","decl":{"start":{"line":38,"column":21},"end":{"line":38,"column":33}},"loc":{"start":{"line":38,"column":33},"end":{"line":64,"column":null}},"line":38}},"branchMap":{"0":{"loc":{"start":{"line":45,"column":21},"end":{"line":53,"column":null}},"type":"cond-expr","locations":[{"start":{"line":46,"column":12},"end":{"line":49,"column":null}},{"start":{"line":51,"column":12},"end":{"line":53,"column":null}}],"line":45}},"s":{"0":1,"1":1,"2":44,"3":44,"4":44,"5":44,"6":44,"7":15,"8":15,"9":15,"10":15,"11":15,"12":15,"13":11,"14":11,"15":1,"16":15,"17":15,"18":44},"f":{"0":44,"1":15,"2":15},"b":{"0":[3,12]},"meta":{"lastBranch":1,"lastFunction":3,"lastStatement":19,"seen":{"s:17:14:17:Infinity":0,"s:19:13:76:Infinity":1,"f:19:13:19:Infinity":0,"s:23:16:25:7":2,"s:27:18:28:19":3,"s:30:16:32:9":4,"s:34:21:35:15":5,"s:37:2:69:Infinity":6,"f:37:2:37:18":1,"s:38:21:64:Infinity":7,"f:38:21:38:33":2,"s:39:6:39:Infinity":8,"s:40:6:40:Infinity":9,"s:42:6:64:Infinity":10,"s:43:14:43:Infinity":11,"s:45:21:53:Infinity":12,"b:46:12:49:Infinity:51:12:53:Infinity":0,"s:56:8:56:Infinity":13,"s:58:8:60:Infinity":14,"s:62:8:62:Infinity":15,"s:64:8:64:Infinity":16,"s:68:4:68:Infinity":17,"s:71:2:76:Infinity":18}}}
,"D:\\rs-react-2026\\src\\pages\\AboutPage\\AboutPage.tsx": {"path":"D:\\rs-react-2026\\src\\pages\\AboutPage\\AboutPage.tsx","statementMap":{"0":{"start":{"line":2,"column":2},"end":{"line":22,"column":null}}},"fnMap":{"0":{"name":"AboutPage","decl":{"start":{"line":1,"column":9},"end":{"line":1,"column":21}},"loc":{"start":{"line":1,"column":21},"end":{"line":22,"column":null}},"line":1}},"branchMap":{},"s":{"0":4},"f":{"0":4},"b":{},"meta":{"lastBranch":0,"lastFunction":1,"lastStatement":1,"seen":{"f:1:9:1:21":0,"s:2:2:22:Infinity":0}}}
,"D:\\rs-react-2026\\src\\pages\\HomePage\\HomePage.tsx": {"path":"D:\\rs-react-2026\\src\\pages\\HomePage\\HomePage.tsx","statementMap":{"0":{"start":{"line":16,"column":8},"end":{"line":16,"column":32}},"1":{"start":{"line":18,"column":23},"end":{"line":19,"column":21}},"2":{"start":{"line":22,"column":4},"end":{"line":22,"column":43}},"3":{"start":{"line":25,"column":4},"end":{"line":25,"column":null}},"4":{"start":{"line":27,"column":22},"end":{"line":28,"column":null}},"5":{"start":{"line":35,"column":4},"end":{"line":38,"column":null}},"6":{"start":{"line":41,"column":8},"end":{"line":50,"column":null}},"7":{"start":{"line":44,"column":19},"end":{"line":45,"column":null}},"8":{"start":{"line":48,"column":4},"end":{"line":48,"column":null}},"9":{"start":{"line":50,"column":4},"end":{"line":50,"column":null}},"10":{"start":{"line":53,"column":2},"end":{"line":90,"column":null}}},"fnMap":{"0":{"name":"HomePage","decl":{"start":{"line":15,"column":9},"end":{"line":15,"column":20}},"loc":{"start":{"line":15,"column":20},"end":{"line":90,"column":null}},"line":15},"1":{"name":"(anonymous_1)","decl":{"start":{"line":41,"column":8},"end":{"line":41,"column":null}},"loc":{"start":{"line":43,"column":7},"end":{"line":50,"column":null}},"line":43}},"branchMap":{"0":{"loc":{"start":{"line":25,"column":4},"end":{"line":25,"column":null}},"type":"binary-expr","locations":[{"start":{"line":25,"column":4},"end":{"line":25,"column":29}},{"start":{"line":25,"column":33},"end":{"line":25,"column":null}}],"line":25},"1":{"loc":{"start":{"line":28,"column":4},"end":{"line":28,"column":null}},"type":"binary-expr","locations":[{"start":{"line":28,"column":4},"end":{"line":28,"column":28}},{"start":{"line":28,"column":32},"end":{"line":28,"column":null}}],"line":28},"2":{"loc":{"start":{"line":56,"column":8},"end":{"line":58,"column":null}},"type":"cond-expr","locations":[{"start":{"line":57,"column":12},"end":{"line":57,"column":null}},{"start":{"line":58,"column":12},"end":{"line":58,"column":null}}],"line":56},"3":{"loc":{"start":{"line":65,"column":11},"end":{"line":65,"column":null}},"type":"binary-expr","locations":[{"start":{"line":65,"column":11},"end":{"line":65,"column":22}},{"start":{"line":65,"column":22},"end":{"line":65,"column":null}}],"line":65},"4":{"loc":{"start":{"line":67,"column":11},"end":{"line":68,"column":null}},"type":"binary-expr","locations":[{"start":{"line":67,"column":11},"end":{"line":67,"column":null}},{"start":{"line":68,"column":12},"end":{"line":68,"column":null}}],"line":67},"5":{"loc":{"start":{"line":71,"column":11},"end":{"line":72,"column":null}},"type":"binary-expr","locations":[{"start":{"line":71,"column":11},"end":{"line":71,"column":23}},{"start":{"line":71,"column":23},"end":{"line":71,"column":null}},{"start":{"line":72,"column":12},"end":{"line":72,"column":null}}],"line":71},"6":{"loc":{"start":{"line":76,"column":9},"end":{"line":83,"column":null}},"type":"binary-expr","locations":[{"start":{"line":76,"column":9},"end":{"line":76,"column":21}},{"start":{"line":76,"column":21},"end":{"line":76,"column":null}},{"start":{"line":77,"column":10},"end":{"line":83,"column":null}}],"line":76},"7":{"loc":{"start":{"line":87,"column":7},"end":{"line":90,"column":null}},"type":"binary-expr","locations":[{"start":{"line":87,"column":7},"end":{"line":87,"column":null}},{"start":{"line":88,"column":8},"end":{"line":90,"column":null}}],"line":87}},"s":{"0":53,"1":53,"2":53,"3":53,"4":53,"5":53,"6":53,"7":2,"8":2,"9":2,"10":53},"f":{"0":53,"1":2},"b":{"0":[53,43],"1":[53,39],"2":[1,52],"3":[53,16],"4":[53,2],"5":[53,37,35],"6":[53,37,35],"7":[53,1]},"meta":{"lastBranch":8,"lastFunction":2,"lastStatement":11,"seen":{"f:15:9:15:20":0,"s:16:8:16:32":0,"s:18:23:19:21":1,"s:22:4:22:43":2,"s:25:4:25:Infinity":3,"b:25:4:25:29:25:33:25:Infinity":0,"s:27:22:28:Infinity":4,"b:28:4:28:28:28:32:28:Infinity":1,"s:35:4:38:Infinity":5,"s:41:8:50:Infinity":6,"f:41:8:41:Infinity":1,"s:44:19:45:Infinity":7,"s:48:4:48:Infinity":8,"s:50:4:50:Infinity":9,"s:53:2:90:Infinity":10,"b:57:12:57:Infinity:58:12:58:Infinity":2,"b:65:11:65:22:65:22:65:Infinity":3,"b:67:11:67:Infinity:68:12:68:Infinity":4,"b:71:11:71:23:71:23:71:Infinity:72:12:72:Infinity":5,"b:76:9:76:21:76:21:76:Infinity:77:10:83:Infinity":6,"b:87:7:87:Infinity:88:8:90:Infinity":7}}}
,"D:\\rs-react-2026\\src\\pages\\NotFoundPage\\NotFoundPage.tsx": {"path":"D:\\rs-react-2026\\src\\pages\\NotFoundPage\\NotFoundPage.tsx","statementMap":{"0":{"start":{"line":4,"column":4},"end":{"line":12,"column":null}}},"fnMap":{"0":{"name":"NotFoundPage","decl":{"start":{"line":3,"column":9},"end":{"line":3,"column":24}},"loc":{"start":{"line":3,"column":24},"end":{"line":12,"column":null}},"line":3}},"branchMap":{},"s":{"0":3},"f":{"0":3},"b":{},"meta":{"lastBranch":0,"lastFunction":1,"lastStatement":1,"seen":{"f:3:9:3:24":0,"s:4:4:12:Infinity":0}}}
,"D:\\rs-react-2026\\src\\pages\\PokemonDetails\\PokemonDetails.tsx": {"path":"D:\\rs-react-2026\\src\\pages\\PokemonDetails\\PokemonDetails.tsx","statementMap":{"0":{"start":{"line":13,"column":10},"end":{"line":13,"column":28}},"1":{"start":{"line":15,"column":8},"end":{"line":15,"column":32}},"2":{"start":{"line":17,"column":9},"end":{"line":18,"column":21}},"3":{"start":{"line":21,"column":4},"end":{"line":21,"column":null}},"4":{"start":{"line":24,"column":4},"end":{"line":24,"column":null}},"5":{"start":{"line":29,"column":4},"end":{"line":30,"column":27}},"6":{"start":{"line":32,"column":8},"end":{"line":45,"column":null}},"7":{"start":{"line":34,"column":6},"end":{"line":34,"column":27}},"8":{"start":{"line":36,"column":4},"end":{"line":37,"column":null}},"9":{"start":{"line":37,"column":6},"end":{"line":37,"column":null}},"10":{"start":{"line":40,"column":4},"end":{"line":40,"column":null}},"11":{"start":{"line":42,"column":4},"end":{"line":45,"column":null}},"12":{"start":{"line":48,"column":2},"end":{"line":49,"column":null}},"13":{"start":{"line":49,"column":4},"end":{"line":49,"column":null}},"14":{"start":{"line":52,"column":2},"end":{"line":54,"column":null}},"15":{"start":{"line":53,"column":4},"end":{"line":54,"column":null}},"16":{"start":{"line":58,"column":2},"end":{"line":59,"column":null}},"17":{"start":{"line":59,"column":4},"end":{"line":59,"column":null}},"18":{"start":{"line":62,"column":2},"end":{"line":92,"column":null}},"19":{"start":{"line":85,"column":10},"end":{"line":90,"column":null}}},"fnMap":{"0":{"name":"PokemonDetails","decl":{"start":{"line":12,"column":9},"end":{"line":12,"column":26}},"loc":{"start":{"line":12,"column":26},"end":{"line":92,"column":null}},"line":12},"1":{"name":"(anonymous_1)","decl":{"start":{"line":32,"column":8},"end":{"line":32,"column":28}},"loc":{"start":{"line":32,"column":28},"end":{"line":45,"column":null}},"line":32},"2":{"name":"(anonymous_2)","decl":{"start":{"line":84,"column":23},"end":{"line":84,"column":28}},"loc":{"start":{"line":85,"column":10},"end":{"line":90,"column":null}},"line":85}},"branchMap":{"0":{"loc":{"start":{"line":21,"column":4},"end":{"line":21,"column":null}},"type":"binary-expr","locations":[{"start":{"line":21,"column":4},"end":{"line":21,"column":29}},{"start":{"line":21,"column":33},"end":{"line":21,"column":null}}],"line":21},"1":{"loc":{"start":{"line":24,"column":4},"end":{"line":24,"column":null}},"type":"binary-expr","locations":[{"start":{"line":24,"column":4},"end":{"line":24,"column":28}},{"start":{"line":24,"column":32},"end":{"line":24,"column":null}}],"line":24},"2":{"loc":{"start":{"line":36,"column":4},"end":{"line":37,"column":null}},"type":"if","locations":[{"start":{"line":36,"column":4},"end":{"line":37,"column":null}},{"start":{},"end":{}}],"line":36},"3":{"loc":{"start":{"line":48,"column":2},"end":{"line":49,"column":null}},"type":"if","locations":[{"start":{"line":48,"column":2},"end":{"line":49,"column":null}},{"start":{},"end":{}}],"line":48},"4":{"loc":{"start":{"line":52,"column":2},"end":{"line":54,"column":null}},"type":"if","locations":[{"start":{"line":52,"column":2},"end":{"line":54,"column":null}},{"start":{},"end":{}}],"line":52},"5":{"loc":{"start":{"line":58,"column":2},"end":{"line":59,"column":null}},"type":"if","locations":[{"start":{"line":58,"column":2},"end":{"line":59,"column":null}},{"start":{},"end":{}}],"line":58}},"s":{"0":4,"1":4,"2":4,"3":4,"4":4,"5":4,"6":4,"7":1,"8":1,"9":1,"10":1,"11":1,"12":4,"13":1,"14":3,"15":1,"16":2,"17":0,"18":2,"19":2},"f":{"0":4,"1":1,"2":2},"b":{"0":[4,0],"1":[4,0],"2":[1,0],"3":[1,3],"4":[1,2],"5":[0,2]},"meta":{"lastBranch":6,"lastFunction":3,"lastStatement":20,"seen":{"f:12:9:12:26":0,"s:13:10:13:28":0,"s:15:8:15:32":1,"s:17:9:18:21":2,"s:21:4:21:Infinity":3,"b:21:4:21:29:21:33:21:Infinity":0,"s:24:4:24:Infinity":4,"b:24:4:24:28:24:32:24:Infinity":1,"s:29:4:30:27":5,"s:32:8:45:Infinity":6,"f:32:8:32:28":1,"s:34:6:34:27":7,"b:36:4:37:Infinity:undefined:undefined:undefined:undefined":2,"s:36:4:37:Infinity":8,"s:37:6:37:Infinity":9,"s:40:4:40:Infinity":10,"s:42:4:45:Infinity":11,"b:48:2:49:Infinity:undefined:undefined:undefined:undefined":3,"s:48:2:49:Infinity":12,"s:49:4:49:Infinity":13,"b:52:2:54:Infinity:undefined:undefined:undefined:undefined":4,"s:52:2:54:Infinity":14,"s:53:4:54:Infinity":15,"b:58:2:59:Infinity:undefined:undefined:undefined:undefined":5,"s:58:2:59:Infinity":16,"s:59:4:59:Infinity":17,"s:62:2:92:Infinity":18,"f:84:23:84:28":2,"s:85:10:90:Infinity":19}}}
,"D:\\rs-react-2026\\src\\router\\AppRouter.tsx": {"path":"D:\\rs-react-2026\\src\\router\\AppRouter.tsx","statementMap":{"0":{"start":{"line":12,"column":2},"end":{"line":33,"column":null}}},"fnMap":{"0":{"name":"AppRouter","decl":{"start":{"line":11,"column":9},"end":{"line":11,"column":21}},"loc":{"start":{"line":11,"column":21},"end":{"line":33,"column":null}},"line":11}},"branchMap":{},"s":{"0":11},"f":{"0":11},"b":{},"meta":{"lastBranch":0,"lastFunction":1,"lastStatement":1,"seen":{"f:11:9:11:21":0,"s:12:2:33:Infinity":0}}}
,"D:\\rs-react-2026\\src\\services\\api.ts": {"path":"D:\\rs-react-2026\\src\\services\\api.ts","statementMap":{"0":{"start":{"line":44,"column":6},"end":{"line":54,"column":null}},"1":{"start":{"line":46,"column":23},"end":{"line":54,"column":null}},"2":{"start":{"line":52,"column":11},"end":{"line":52,"column":null}},"3":{"start":{"line":56,"column":28},"end":{"line":68,"column":null}},"4":{"start":{"line":59,"column":14},"end":{"line":59,"column":30}},"5":{"start":{"line":61,"column":2},"end":{"line":62,"column":null}},"6":{"start":{"line":62,"column":4},"end":{"line":62,"column":null}},"7":{"start":{"line":66,"column":4},"end":{"line":66,"column":20}},"8":{"start":{"line":68,"column":2},"end":{"line":68,"column":null}},"9":{"start":{"line":71,"column":29},"end":{"line":97,"column":null}},"10":{"start":{"line":75,"column":14},"end":{"line":76,"column":null}},"11":{"start":{"line":79,"column":2},"end":{"line":80,"column":null}},"12":{"start":{"line":80,"column":4},"end":{"line":80,"column":null}},"13":{"start":{"line":84,"column":4},"end":{"line":84,"column":20}},"14":{"start":{"line":86,"column":16},"end":{"line":89,"column":null}},"15":{"start":{"line":88,"column":6},"end":{"line":88,"column":38}},"16":{"start":{"line":92,"column":2},"end":{"line":97,"column":null}},"17":{"start":{"line":100,"column":30},"end":{"line":140,"column":null}},"18":{"start":{"line":105,"column":14},"end":{"line":106,"column":null}},"19":{"start":{"line":109,"column":2},"end":{"line":110,"column":null}},"20":{"start":{"line":110,"column":4},"end":{"line":110,"column":null}},"21":{"start":{"line":114,"column":4},"end":{"line":114,"column":20}},"22":{"start":{"line":116,"column":19},"end":{"line":119,"column":null}},"23":{"start":{"line":117,"column":4},"end":{"line":119,"column":36}},"24":{"start":{"line":122,"column":8},"end":{"line":122,"column":null}},"25":{"start":{"line":124,"column":20},"end":{"line":126,"column":null}},"26":{"start":{"line":129,"column":16},"end":{"line":132,"column":null}},"27":{"start":{"line":131,"column":6},"end":{"line":131,"column":38}},"28":{"start":{"line":135,"column":2},"end":{"line":140,"column":null}},"29":{"start":{"line":143,"column":32},"end":{"line":157,"column":null}},"30":{"start":{"line":146,"column":14},"end":{"line":147,"column":null}},"31":{"start":{"line":150,"column":2},"end":{"line":151,"column":null}},"32":{"start":{"line":151,"column":4},"end":{"line":151,"column":null}},"33":{"start":{"line":155,"column":4},"end":{"line":155,"column":20}},"34":{"start":{"line":157,"column":2},"end":{"line":157,"column":null}}},"fnMap":{"0":{"name":"(anonymous_0)","decl":{"start":{"line":44,"column":6},"end":{"line":44,"column":null}},"loc":{"start":{"line":46,"column":23},"end":{"line":54,"column":null}},"line":46},"1":{"name":"(anonymous_1)","decl":{"start":{"line":51,"column":23},"end":{"line":51,"column":null}},"loc":{"start":{"line":52,"column":11},"end":{"line":52,"column":null}},"line":52},"2":{"name":"(anonymous_2)","decl":{"start":{"line":56,"column":28},"end":{"line":56,"column":null}},"loc":{"start":{"line":58,"column":31},"end":{"line":68,"column":null}},"line":58},"3":{"name":"(anonymous_3)","decl":{"start":{"line":71,"column":29},"end":{"line":71,"column":null}},"loc":{"start":{"line":74,"column":31},"end":{"line":97,"column":null}},"line":74},"4":{"name":"(anonymous_4)","decl":{"start":{"line":87,"column":17},"end":{"line":87,"column":22}},"loc":{"start":{"line":88,"column":6},"end":{"line":88,"column":38}},"line":88},"5":{"name":"(anonymous_5)","decl":{"start":{"line":100,"column":30},"end":{"line":100,"column":null}},"loc":{"start":{"line":104,"column":31},"end":{"line":140,"column":null}},"line":104},"6":{"name":"(anonymous_6)","decl":{"start":{"line":116,"column":32},"end":{"line":116,"column":40}},"loc":{"start":{"line":117,"column":4},"end":{"line":119,"column":36}},"line":117},"7":{"name":"(anonymous_7)","decl":{"start":{"line":130,"column":14},"end":{"line":130,"column":19}},"loc":{"start":{"line":131,"column":6},"end":{"line":131,"column":38}},"line":131},"8":{"name":"(anonymous_8)","decl":{"start":{"line":143,"column":32},"end":{"line":143,"column":null}},"loc":{"start":{"line":145,"column":31},"end":{"line":157,"column":null}},"line":145}},"branchMap":{"0":{"loc":{"start":{"line":61,"column":2},"end":{"line":62,"column":null}},"type":"if","locations":[{"start":{"line":61,"column":2},"end":{"line":62,"column":null}},{"start":{},"end":{}}],"line":61},"1":{"loc":{"start":{"line":72,"column":2},"end":{"line":72,"column":null}},"type":"default-arg","locations":[{"start":{"line":72,"column":11},"end":{"line":72,"column":null}}],"line":72},"2":{"loc":{"start":{"line":73,"column":2},"end":{"line":73,"column":null}},"type":"default-arg","locations":[{"start":{"line":73,"column":10},"end":{"line":73,"column":null}}],"line":73},"3":{"loc":{"start":{"line":79,"column":2},"end":{"line":80,"column":null}},"type":"if","locations":[{"start":{"line":79,"column":2},"end":{"line":80,"column":null}},{"start":{},"end":{}}],"line":79},"4":{"loc":{"start":{"line":102,"column":2},"end":{"line":102,"column":null}},"type":"default-arg","locations":[{"start":{"line":102,"column":9},"end":{"line":102,"column":null}}],"line":102},"5":{"loc":{"start":{"line":103,"column":2},"end":{"line":103,"column":null}},"type":"default-arg","locations":[{"start":{"line":103,"column":10},"end":{"line":103,"column":null}}],"line":103},"6":{"loc":{"start":{"line":109,"column":2},"end":{"line":110,"column":null}},"type":"if","locations":[{"start":{"line":109,"column":2},"end":{"line":110,"column":null}},{"start":{},"end":{}}],"line":109},"7":{"loc":{"start":{"line":150,"column":2},"end":{"line":151,"column":null}},"type":"if","locations":[{"start":{"line":150,"column":2},"end":{"line":151,"column":null}},{"start":{},"end":{}}],"line":150}},"s":{"0":3,"1":3,"2":2,"3":3,"4":5,"5":5,"6":2,"7":3,"8":3,"9":3,"10":3,"11":3,"12":1,"13":2,"14":2,"15":2,"16":1,"17":3,"18":5,"19":5,"20":1,"21":4,"22":4,"23":5,"24":4,"25":4,"26":4,"27":3,"28":3,"29":3,"30":0,"31":0,"32":0,"33":0,"34":0},"f":{"0":3,"1":2,"2":5,"3":3,"4":2,"5":5,"6":5,"7":3,"8":0},"b":{"0":[2,3],"1":[3],"2":[3],"3":[1,2],"4":[5],"5":[5],"6":[1,4],"7":[0,0]},"meta":{"lastBranch":8,"lastFunction":9,"lastStatement":35,"seen":{"s:44:6:54:Infinity":0,"f:44:6:44:Infinity":0,"s:46:23:54:Infinity":1,"f:51:23:51:Infinity":1,"s:52:11:52:Infinity":2,"s:56:28:68:Infinity":3,"f:56:28:56:Infinity":2,"s:59:14:59:30":4,"b:61:2:62:Infinity:undefined:undefined:undefined:undefined":0,"s:61:2:62:Infinity":5,"s:62:4:62:Infinity":6,"s:66:4:66:20":7,"s:68:2:68:Infinity":8,"s:71:29:97:Infinity":9,"f:71:29:71:Infinity":3,"b:72:11:72:Infinity":1,"b:73:10:73:Infinity":2,"s:75:14:76:Infinity":10,"b:79:2:80:Infinity:undefined:undefined:undefined:undefined":3,"s:79:2:80:Infinity":11,"s:80:4:80:Infinity":12,"s:84:4:84:20":13,"s:86:16:89:Infinity":14,"f:87:17:87:22":4,"s:88:6:88:38":15,"s:92:2:97:Infinity":16,"s:100:30:140:Infinity":17,"f:100:30:100:Infinity":5,"b:102:9:102:Infinity":4,"b:103:10:103:Infinity":5,"s:105:14:106:Infinity":18,"b:109:2:110:Infinity:undefined:undefined:undefined:undefined":6,"s:109:2:110:Infinity":19,"s:110:4:110:Infinity":20,"s:114:4:114:20":21,"s:116:19:119:Infinity":22,"f:116:32:116:40":6,"s:117:4:119:36":23,"s:122:8:122:Infinity":24,"s:124:20:126:Infinity":25,"s:129:16:132:Infinity":26,"f:130:14:130:19":7,"s:131:6:131:38":27,"s:135:2:140:Infinity":28,"s:143:32:157:Infinity":29,"f:143:32:143:Infinity":8,"s:146:14:147:Infinity":30,"b:150:2:151:Infinity:undefined:undefined:undefined:undefined":7,"s:150:2:151:Infinity":31,"s:151:4:151:Infinity":32,"s:155:4:155:20":33,"s:157:2:157:Infinity":34}}}
}
